01/07/2019 02:47:04 - [INFO]: Process ID: 14784 Started
01/07/2019 02:47:06 - [INFO]: Executing: CallSqlLoader with following parameter(s): 
CONNECTION = [DW737IC]
REFRESH = [TRUNCATE]
JOBNAME = [Load Files from MSSQL Server/Teradata Into DW737IC]
REPORTBY = [MAIL]
REPORT = [FAIL]
OBJECT = [true]
PARAMETER = [DW737IC*tedtlc_mes_employee*=TEDTLC_MES_EMPLOYEE,DW737IC*tedtlc_mes_sfm_tool_order*=TEDTLC_MES_SFM_TOOLORDER,DW737IC*tedtlc_mes_sfm_toolorder_complete*=TEDTLC_MES_SFM_TOOLORDER_COMP,DW737IC*tedtlc_mes_sfm_operation_data*=TEDTLC_MES_SFM_OPERDATA,DW737IC*tedtlc_mes_sfm_operationdata_complete*=TEDTLC_MES_SFM_OPERDATA_COMP,DW737IC*tedtlc_mes_capp_toolorder_complete*=TEDTLC_MES_CAPP_TOOLORDER_COMP,DW737IC*tedtlc_mes_capp_toolorder_insign_off*=TEDTLC_MES_CAPP_TOOLORD_INSGOF,DW737IC*tedtlc_mes_capp_tool_order*=TEDTLC_MES_CAPP_TOOLORDER,DW737IC*tedtlc_mes_capp_operation_data*=TEDTLC_MES_CAPP_OPRDATA,DW737IC*tedtlc_mes_capp_operationdata_complete*=TEDTLC_MES_CAPP_OPRDATA_COMP,DW737IC*tedtlc_mes_capp_toolorder_insignoff_complete*=TEDTLC_MES_CAPP_TOOLORD_INCOMP,DW737IC*tedarlog_request*=TEDARLOG_REQUEST,DW737IC*tedarlog_status*=TEDARLOG_STATUS,DW737IC*tedarlog_ramarc_request*=TEDARLOG_RAMAC_REQUEST,DW737IC*tedarlog_priority*=TEDARLOG_PRIORITY,DW737IC*tedarlog_filter_assigned_to_name*=TEDARLOG_FILTER_ASSIGNED_TO_NM,DW737IC*tedarlog_tald_user*=TEDARLOG_TALD_USER,DW737IC*tedarlog_organization_structure*=TEDARLOG_ORG_STRUCTURE,DW737IC*tedarlog_type*=TEDARLOG_TYPE,DW737IC*tips_tools*=TIPS_TOOLS,DW737IC*tips_tool_unit*=TIPS_TOOL_UNIT,DW737IC*tips_tpm_in_work*=TIPS_TPM_INWORK,DW737IC*tips_pmdoc_unit*=TIPS_PMDOC_UNIT,DW737IC*tips_pmdoc*=TIPS_PMDOC,DW737IC*teraprd1_ncmv_def_desc*=TD_NCMV_DEF_DESC,DW737IC*teraprd1_ncmv_feat*=TD_NCMV_FEAT,DW737IC*teraprd1_ncmv_nc_visibility*=TD_NCMV_NC_VISIBILITY,DW737IC*teraprd1_ncmv_proc*=TD_NCMV_PROC,DW737IC*teraprd1_ncmv_q_id*=TD_NCMV_Q_ID,DW737IC*teraprd1_ncmv_qd_nc*=TD_NCMV_QD_NC,DW737IC*teraprd1_ncmv_tsk*=TD_NCMV_TSK,DW737IC*teraprd1_owi_order_latest_rev*=TD_OWI_ORDER_LATEST_REV,DW737IC*teraprd1_owi_order_sub_type*=TD_OWI_ORDER_SUB_TYPE,DW737IC*etvs_bca_active*=ETVS_BCA_ACTIVE]

01/07/2019 02:47:08 - [INFO]: Connecting to Oracle Database [DSDS01] using: DW737IC With LDAP Servers
01/07/2019 02:47:15 - [SEVERE]: null
01/07/2019 02:47:15 - [SEVERE]: 	at oracle.net.jndi.JndiAttrs.getLdapUrlUsed(JndiAttrs.java:290)
	at oracle.net.resolver.AddrResolution.processLdapFailoverLoadblance(AddrResolution.java:377)
	at oracle.net.resolver.AddrResolution.<init>(AddrResolution.java:249)
	at oracle.net.ns.NSProtocol.connect(NSProtocol.java:233)
	at oracle.jdbc.driver.T4CConnection.connect(T4CConnection.java:1438)
	at oracle.jdbc.driver.T4CConnection.logon(T4CConnection.java:518)
	at oracle.jdbc.driver.PhysicalConnection.connect(PhysicalConnection.java:688)
	at oracle.jdbc.driver.T4CDriverExtension.getConnection(T4CDriverExtension.java:39)
	at oracle.jdbc.driver.OracleDriver.connect(OracleDriver.java:691)
	at java.sql.DriverManager.getConnection(DriverManager.java:664)
	at java.sql.DriverManager.getConnection(DriverManager.java:247)
	at com.boeing.jobstarter.connection.OrclConnection.doConnect(OrclConnection.java:83)
	at com.boeing.jobstarter.connection.OrclConnection.connect(OrclConnection.java:46)
	at com.boeing.jobstarter.services.Callable.initCaller(Callable.java:316)
	at com.boeing.jobstarter.action.implement.CallerImpl.execute(CallerImpl.java:103)
	at com.boeing.jobstarter.Main.main(Main.java:28)
	at sun.reflect.NativeMethodAccessorImpl.invoke0(Native Method)
	at sun.reflect.NativeMethodAccessorImpl.invoke(NativeMethodAccessorImpl.java:62)
	at sun.reflect.DelegatingMethodAccessorImpl.invoke(DelegatingMethodAccessorImpl.java:43)
	at java.lang.reflect.Method.invoke(Method.java:498)
	at org.eclipse.jdt.internal.jarinjarloader.JarRsrcLoader.main(JarRsrcLoader.java:58)

