01/07/2019 02:47:34 - [INFO]: Process ID: 20732 Started
01/07/2019 02:47:37 - [INFO]: Executing: CallSqlLoader with following parameter(s): 
CONNECTION = [DW737IC]
REFRESH = [TRUNCATE]
JOBNAME = [Load Files from MSSQL Server/Teradata Into DW737IC]
REPORTBY = [MAIL]
REPORT = [FAIL]
OBJECT = [true]
PARAMETER = [DW737IC*tedtlc_mes_employee*=TEDTLC_MES_EMPLOYEE,DW737IC*tedtlc_mes_sfm_tool_order*=TEDTLC_MES_SFM_TOOLORDER,DW737IC*tedtlc_mes_sfm_toolorder_complete*=TEDTLC_MES_SFM_TOOLORDER_COMP,DW737IC*tedtlc_mes_sfm_operation_data*=TEDTLC_MES_SFM_OPERDATA,DW737IC*tedtlc_mes_sfm_operationdata_complete*=TEDTLC_MES_SFM_OPERDATA_COMP,DW737IC*tedtlc_mes_capp_toolorder_complete*=TEDTLC_MES_CAPP_TOOLORDER_COMP,DW737IC*tedtlc_mes_capp_toolorder_insign_off*=TEDTLC_MES_CAPP_TOOLORD_INSGOF,DW737IC*tedtlc_mes_capp_tool_order*=TEDTLC_MES_CAPP_TOOLORDER,DW737IC*tedtlc_mes_capp_operation_data*=TEDTLC_MES_CAPP_OPRDATA,DW737IC*tedtlc_mes_capp_operationdata_complete*=TEDTLC_MES_CAPP_OPRDATA_COMP,DW737IC*tedtlc_mes_capp_toolorder_insignoff_complete*=TEDTLC_MES_CAPP_TOOLORD_INCOMP,DW737IC*tedarlog_request*=TEDARLOG_REQUEST,DW737IC*tedarlog_status*=TEDARLOG_STATUS,DW737IC*tedarlog_ramarc_request*=TEDARLOG_RAMAC_REQUEST,DW737IC*tedarlog_priority*=TEDARLOG_PRIORITY,DW737IC*tedarlog_filter_assigned_to_name*=TEDARLOG_FILTER_ASSIGNED_TO_NM,DW737IC*tedarlog_tald_user*=TEDARLOG_TALD_USER,DW737IC*tedarlog_organization_structure*=TEDARLOG_ORG_STRUCTURE,DW737IC*tedarlog_type*=TEDARLOG_TYPE,DW737IC*tips_tools*=TIPS_TOOLS,DW737IC*tips_tool_unit*=TIPS_TOOL_UNIT,DW737IC*tips_tpm_in_work*=TIPS_TPM_INWORK,DW737IC*tips_pmdoc_unit*=TIPS_PMDOC_UNIT,DW737IC*tips_pmdoc*=TIPS_PMDOC,DW737IC*teraprd1_ncmv_def_desc*=TD_NCMV_DEF_DESC,DW737IC*teraprd1_ncmv_feat*=TD_NCMV_FEAT,DW737IC*teraprd1_ncmv_nc_visibility*=TD_NCMV_NC_VISIBILITY,DW737IC*teraprd1_ncmv_proc*=TD_NCMV_PROC,DW737IC*teraprd1_ncmv_q_id*=TD_NCMV_Q_ID,DW737IC*teraprd1_ncmv_qd_nc*=TD_NCMV_QD_NC,DW737IC*teraprd1_ncmv_tsk*=TD_NCMV_TSK,DW737IC*teraprd1_owi_order_latest_rev*=TD_OWI_ORDER_LATEST_REV,DW737IC*teraprd1_owi_order_sub_type*=TD_OWI_ORDER_SUB_TYPE,DW737IC*etvs_bca_active*=ETVS_BCA_ACTIVE]

01/07/2019 02:47:38 - [INFO]: Connecting to Oracle Database [DSDS01] using: DW737IC With LDAP Servers
01/07/2019 02:47:46 - [INFO]: Database connection established successfuly...
01/07/2019 02:47:47 - [SEVERE]: null
01/07/2019 02:47:47 - [SEVERE]: 	at java.util.Objects.requireNonNull(Objects.java:203)
	at java.util.Arrays$ArrayList.<init>(Arrays.java:3813)
	at java.util.Arrays.asList(Arrays.java:3800)
	at com.boeing.jobstarter.utils.FileUtils.getFilesByPattern(FileUtils.java:178)
	at com.boeing.jobstarter.services.Callable.lambda$1(Callable.java:220)
	at java.util.ArrayList$ArrayListSpliterator.forEachRemaining(ArrayList.java:1382)
	at java.util.stream.ReferencePipeline$Head.forEach(ReferencePipeline.java:580)
	at com.boeing.jobstarter.services.Callable.getFilesByPattern(Callable.java:219)
	at com.boeing.jobstarter.services.CallSqlLoader.getFile(CallSqlLoader.java:319)
	at com.boeing.jobstarter.services.CallSqlLoader.execute(CallSqlLoader.java:247)
	at com.boeing.jobstarter.action.implement.CallerImpl.execute(CallerImpl.java:104)
	at com.boeing.jobstarter.Main.main(Main.java:28)
	at sun.reflect.NativeMethodAccessorImpl.invoke0(Native Method)
	at sun.reflect.NativeMethodAccessorImpl.invoke(NativeMethodAccessorImpl.java:62)
	at sun.reflect.DelegatingMethodAccessorImpl.invoke(DelegatingMethodAccessorImpl.java:43)
	at java.lang.reflect.Method.invoke(Method.java:498)
	at org.eclipse.jdt.internal.jarinjarloader.JarRsrcLoader.main(JarRsrcLoader.java:58)

